#! /c/Source/iverilog-install/bin/vvp
:ivl_version "12.0 (devel)" "(s20150603-1539-g2693dd32b)";
:ivl_delay_selection "TYPICAL";
:vpi_time_precision - 12;
:vpi_module "E:\Technologies\iverilog\lib\ivl\system.vpi";
:vpi_module "E:\Technologies\iverilog\lib\ivl\vhdl_sys.vpi";
:vpi_module "E:\Technologies\iverilog\lib\ivl\vhdl_textio.vpi";
:vpi_module "E:\Technologies\iverilog\lib\ivl\v2005_math.vpi";
:vpi_module "E:\Technologies\iverilog\lib\ivl\va_math.vpi";
:vpi_module "E:\Technologies\iverilog\lib\ivl\v2009.vpi";
S_0000021548fce190 .scope package, "$unit" "$unit" 2 1;
 .timescale 0 0;
S_0000021548fce320 .scope module, "adder_substractor_tb" "adder_substractor_tb" 3 23;
 .timescale -9 -12;
P_0000021549030b60 .param/l "n" 0 3 25, +C4<00000000000000000000000000000100>;
v000002154908fbf0_0 .var "add_n", 0 0;
v000002154908fb50_0 .net "cout", 0 0, L_000002154908fab0;  1 drivers
v000002154908f330_0 .net "overflow", 0 0, L_0000021549094630;  1 drivers
v0000021549090410_0 .net "s", 3 0, L_000002154908f470;  1 drivers
v000002154908ed90_0 .var "x", 3 0;
v000002154908ffb0_0 .var "y", 3 0;
S_0000021549015b40 .scope module, "uut" "adder_substractor_signedNo" 3 31, 4 23 0, S_0000021548fce320;
 .timescale -9 -12;
    .port_info 0 /INPUT 4 "x";
    .port_info 1 /INPUT 4 "y";
    .port_info 2 /INPUT 1 "add_n";
    .port_info 3 /OUTPUT 4 "s";
    .port_info 4 /OUTPUT 1 "cout";
    .port_info 5 /OUTPUT 1 "overflow";
P_0000021549030be0 .param/l "n" 0 4 24, +C4<00000000000000000000000000000100>;
L_0000021549094240 .functor AND 1, L_0000021549090870, L_000002154908f650, C4<1>, C4<1>;
L_0000021549094c50 .functor NOT 1, L_00000215490900f0, C4<0>, C4<0>, C4<0>;
L_0000021549094470 .functor AND 1, L_0000021549094240, L_0000021549094c50, C4<1>, C4<1>;
L_0000021549094550 .functor NOT 1, L_000002154908f6f0, C4<0>, C4<0>, C4<0>;
L_0000021549094390 .functor NOT 1, L_000002154908f830, C4<0>, C4<0>, C4<0>;
L_0000021549094d30 .functor AND 1, L_0000021549094550, L_0000021549094390, C4<1>, C4<1>;
L_0000021549094b70 .functor AND 1, L_0000021549094d30, L_000002154908f8d0, C4<1>, C4<1>;
L_0000021549094630 .functor OR 1, L_0000021549094470, L_0000021549094b70, C4<0>, C4<0>;
v000002154908aef0_0 .net *"_ivl_14", 0 0, L_0000021549090870;  1 drivers
v000002154908af90_0 .net *"_ivl_16", 0 0, L_000002154908f650;  1 drivers
v000002154908b030_0 .net *"_ivl_17", 0 0, L_0000021549094240;  1 drivers
v000002154908b0d0_0 .net *"_ivl_20", 0 0, L_00000215490900f0;  1 drivers
v000002154908b350_0 .net *"_ivl_21", 0 0, L_0000021549094c50;  1 drivers
v000002154908bdf0_0 .net *"_ivl_23", 0 0, L_0000021549094470;  1 drivers
v000002154908be90_0 .net *"_ivl_26", 0 0, L_000002154908f6f0;  1 drivers
v000002154908f010_0 .net *"_ivl_27", 0 0, L_0000021549094550;  1 drivers
v000002154908ecf0_0 .net *"_ivl_30", 0 0, L_000002154908f830;  1 drivers
v0000021549090af0_0 .net *"_ivl_31", 0 0, L_0000021549094390;  1 drivers
v0000021549090910_0 .net *"_ivl_33", 0 0, L_0000021549094d30;  1 drivers
v000002154908fc90_0 .net *"_ivl_36", 0 0, L_000002154908f8d0;  1 drivers
v00000215490904b0_0 .net *"_ivl_37", 0 0, L_0000021549094b70;  1 drivers
v00000215490905f0_0 .net "add_n", 0 0, v000002154908fbf0_0;  1 drivers
v000002154908fd30_0 .net "cout", 0 0, L_000002154908fab0;  alias, 1 drivers
v0000021549090550_0 .net "overflow", 0 0, L_0000021549094630;  alias, 1 drivers
v000002154908f0b0_0 .net "s", 3 0, L_000002154908f470;  alias, 1 drivers
v000002154908f1f0_0 .net "x", 3 0, v000002154908ed90_0;  1 drivers
v000002154908f290_0 .net "xrored_y", 3 0, L_0000021549090730;  1 drivers
v000002154908ec50_0 .net "y", 3 0, v000002154908ffb0_0;  1 drivers
L_0000021549090690 .part v000002154908ffb0_0, 0, 1;
L_000002154908fdd0 .part v000002154908ffb0_0, 1, 1;
L_000002154908ee30 .part v000002154908ffb0_0, 2, 1;
L_0000021549090730 .concat8 [ 1 1 1 1], L_000002154902c0d0, L_000002154902c6f0, L_000002154902c3e0, L_000002154902c530;
L_00000215490909b0 .part v000002154908ffb0_0, 3, 1;
L_0000021549090870 .part v000002154908ed90_0, 3, 1;
L_000002154908f650 .part L_0000021549090730, 3, 1;
L_00000215490900f0 .part L_000002154908f470, 3, 1;
L_000002154908f6f0 .part v000002154908ed90_0, 3, 1;
L_000002154908f830 .part L_0000021549090730, 3, 1;
L_000002154908f8d0 .part L_000002154908f470, 3, 1;
S_0000021549015cd0 .scope module, "A0" "rca_nbit" 4 40, 5 22 0, S_0000021549015b40;
 .timescale -9 -12;
    .port_info 0 /INPUT 4 "x";
    .port_info 1 /INPUT 4 "y";
    .port_info 2 /INPUT 1 "cin";
    .port_info 3 /OUTPUT 4 "s";
    .port_info 4 /OUTPUT 1 "cout";
P_0000021549030d60 .param/l "n" 0 5 23, +C4<00000000000000000000000000000100>;
L_0000021549094f60 .functor BUFZ 1, v000002154908fbf0_0, C4<0>, C4<0>, C4<0>;
v000002154908ab30_0 .net *"_ivl_33", 0 0, L_0000021549094f60;  1 drivers
v000002154908c890_0 .net "c", 4 0, L_000002154908ff10;  1 drivers
v000002154908b170_0 .net "cin", 0 0, v000002154908fbf0_0;  alias, 1 drivers
v000002154908b670_0 .net "cout", 0 0, L_000002154908fab0;  alias, 1 drivers
v000002154908c930_0 .net "s", 3 0, L_000002154908f470;  alias, 1 drivers
v000002154908bb70_0 .net "x", 3 0, v000002154908ed90_0;  alias, 1 drivers
v000002154908b490_0 .net "y", 3 0, L_0000021549090730;  alias, 1 drivers
L_000002154908eed0 .part v000002154908ed90_0, 0, 1;
L_0000021549090050 .part L_0000021549090730, 0, 1;
L_00000215490907d0 .part L_000002154908ff10, 0, 1;
L_000002154908f150 .part v000002154908ed90_0, 1, 1;
L_000002154908fe70 .part L_0000021549090730, 1, 1;
L_000002154908f5b0 .part L_000002154908ff10, 1, 1;
L_000002154908f510 .part v000002154908ed90_0, 2, 1;
L_000002154908ef70 .part L_0000021549090730, 2, 1;
L_000002154908f790 .part L_000002154908ff10, 2, 1;
L_0000021549090370 .part v000002154908ed90_0, 3, 1;
L_0000021549090a50 .part L_0000021549090730, 3, 1;
L_000002154908f3d0 .part L_000002154908ff10, 3, 1;
L_000002154908f470 .concat8 [ 1 1 1 1], L_000002154902c760, L_000002154902ca70, L_000002154902cb50, L_00000215490944e0;
LS_000002154908ff10_0_0 .concat8 [ 1 1 1 1], L_0000021549094f60, L_000002154902c840, L_000002154902c920, L_000002154902c060;
LS_000002154908ff10_0_4 .concat8 [ 1 0 0 0], L_00000215490949b0;
L_000002154908ff10 .concat8 [ 4 1 0 0], LS_000002154908ff10_0_0, LS_000002154908ff10_0_4;
L_000002154908fab0 .part L_000002154908ff10, 4, 1;
S_000002154901ed90 .scope generate, "fa_loop[0]" "fa_loop[0]" 5 37, 5 37 0, S_0000021549015cd0;
 .timescale -9 -12;
P_0000021549030660 .param/l "i" 0 5 37, +C4<00>;
S_000002154901ef20 .scope module, "fa_inst" "full_adder" 5 39, 6 23 0, S_000002154901ed90;
 .timescale -9 -12;
    .port_info 0 /INPUT 1 "x";
    .port_info 1 /INPUT 1 "y";
    .port_info 2 /INPUT 1 "cin";
    .port_info 3 /OUTPUT 1 "s";
    .port_info 4 /OUTPUT 1 "cout";
L_000002154902c840 .functor OR 1, L_000002154902c5a0, L_000002154902c610, C4<0>, C4<0>;
v000002154902ed70_0 .net "cin", 0 0, L_00000215490907d0;  1 drivers
v000002154902f810_0 .net "cout", 0 0, L_000002154902c840;  1 drivers
v000002154902fb30_0 .net "s", 0 0, L_000002154902c760;  1 drivers
v000002154902f270_0 .net "w1", 0 0, L_000002154902c140;  1 drivers
v000002154902df10_0 .net "w2", 0 0, L_000002154902c5a0;  1 drivers
v000002154902e050_0 .net "w3", 0 0, L_000002154902c610;  1 drivers
v000002154902ef50_0 .net "x", 0 0, L_000002154908eed0;  1 drivers
v000002154902f950_0 .net "y", 0 0, L_0000021549090050;  1 drivers
S_000002154901a590 .scope module, "h1" "half_adder" 6 28, 7 23 0, S_000002154901ef20;
 .timescale -9 -12;
    .port_info 0 /INPUT 1 "x";
    .port_info 1 /INPUT 1 "y";
    .port_info 2 /OUTPUT 1 "s";
    .port_info 3 /OUTPUT 1 "c";
L_000002154902c140 .functor XOR 1, L_000002154908eed0, L_0000021549090050, C4<0>, C4<0>;
L_000002154902c5a0 .functor AND 1, L_000002154908eed0, L_0000021549090050, C4<1>, C4<1>;
v000002154902ecd0_0 .net "c", 0 0, L_000002154902c5a0;  alias, 1 drivers
v000002154902e4b0_0 .net "s", 0 0, L_000002154902c140;  alias, 1 drivers
v000002154902e550_0 .net "x", 0 0, L_000002154908eed0;  alias, 1 drivers
v000002154902f770_0 .net "y", 0 0, L_0000021549090050;  alias, 1 drivers
S_000002154901a720 .scope module, "h2" "half_adder" 6 33, 7 23 0, S_000002154901ef20;
 .timescale -9 -12;
    .port_info 0 /INPUT 1 "x";
    .port_info 1 /INPUT 1 "y";
    .port_info 2 /OUTPUT 1 "s";
    .port_info 3 /OUTPUT 1 "c";
L_000002154902c760 .functor XOR 1, L_000002154902c140, L_00000215490907d0, C4<0>, C4<0>;
L_000002154902c610 .functor AND 1, L_000002154902c140, L_00000215490907d0, C4<1>, C4<1>;
v000002154902fa90_0 .net "c", 0 0, L_000002154902c610;  alias, 1 drivers
v000002154902e370_0 .net "s", 0 0, L_000002154902c760;  alias, 1 drivers
v000002154902ea50_0 .net "x", 0 0, L_000002154902c140;  alias, 1 drivers
v000002154902f9f0_0 .net "y", 0 0, L_00000215490907d0;  alias, 1 drivers
S_0000021549089dc0 .scope generate, "fa_loop[1]" "fa_loop[1]" 5 37, 5 37 0, S_0000021549015cd0;
 .timescale -9 -12;
P_0000021549030920 .param/l "i" 0 5 37, +C4<01>;
S_0000021549089f50 .scope module, "fa_inst" "full_adder" 5 39, 6 23 0, S_0000021549089dc0;
 .timescale -9 -12;
    .port_info 0 /INPUT 1 "x";
    .port_info 1 /INPUT 1 "y";
    .port_info 2 /INPUT 1 "cin";
    .port_info 3 /OUTPUT 1 "s";
    .port_info 4 /OUTPUT 1 "cout";
L_000002154902c920 .functor OR 1, L_000002154902bf80, L_000002154902bff0, C4<0>, C4<0>;
v000002154902e910_0 .net "cin", 0 0, L_000002154908f5b0;  1 drivers
v000002154902e9b0_0 .net "cout", 0 0, L_000002154902c920;  1 drivers
v000002154902e690_0 .net "s", 0 0, L_000002154902ca70;  1 drivers
v000002154902e2d0_0 .net "w1", 0 0, L_000002154902bf10;  1 drivers
v000002154902eff0_0 .net "w2", 0 0, L_000002154902bf80;  1 drivers
v000002154902e5f0_0 .net "w3", 0 0, L_000002154902bff0;  1 drivers
v000002154902f310_0 .net "x", 0 0, L_000002154908f150;  1 drivers
v000002154902b030_0 .net "y", 0 0, L_000002154908fe70;  1 drivers
S_000002154908a0e0 .scope module, "h1" "half_adder" 6 28, 7 23 0, S_0000021549089f50;
 .timescale -9 -12;
    .port_info 0 /INPUT 1 "x";
    .port_info 1 /INPUT 1 "y";
    .port_info 2 /OUTPUT 1 "s";
    .port_info 3 /OUTPUT 1 "c";
L_000002154902bf10 .functor XOR 1, L_000002154908f150, L_000002154908fe70, C4<0>, C4<0>;
L_000002154902bf80 .functor AND 1, L_000002154908f150, L_000002154908fe70, C4<1>, C4<1>;
v000002154902e190_0 .net "c", 0 0, L_000002154902bf80;  alias, 1 drivers
v000002154902ee10_0 .net "s", 0 0, L_000002154902bf10;  alias, 1 drivers
v000002154902dc90_0 .net "x", 0 0, L_000002154908f150;  alias, 1 drivers
v000002154902eeb0_0 .net "y", 0 0, L_000002154908fe70;  alias, 1 drivers
S_000002154908a270 .scope module, "h2" "half_adder" 6 33, 7 23 0, S_0000021549089f50;
 .timescale -9 -12;
    .port_info 0 /INPUT 1 "x";
    .port_info 1 /INPUT 1 "y";
    .port_info 2 /OUTPUT 1 "s";
    .port_info 3 /OUTPUT 1 "c";
L_000002154902ca70 .functor XOR 1, L_000002154902bf10, L_000002154908f5b0, C4<0>, C4<0>;
L_000002154902bff0 .functor AND 1, L_000002154902bf10, L_000002154908f5b0, C4<1>, C4<1>;
v000002154902dd30_0 .net "c", 0 0, L_000002154902bff0;  alias, 1 drivers
v000002154902f8b0_0 .net "s", 0 0, L_000002154902ca70;  alias, 1 drivers
v000002154902e0f0_0 .net "x", 0 0, L_000002154902bf10;  alias, 1 drivers
v000002154902e230_0 .net "y", 0 0, L_000002154908f5b0;  alias, 1 drivers
S_000002154908a400 .scope generate, "fa_loop[2]" "fa_loop[2]" 5 37, 5 37 0, S_0000021549015cd0;
 .timescale -9 -12;
P_0000021549030960 .param/l "i" 0 5 37, +C4<010>;
S_000002154908a590 .scope module, "fa_inst" "full_adder" 5 39, 6 23 0, S_000002154908a400;
 .timescale -9 -12;
    .port_info 0 /INPUT 1 "x";
    .port_info 1 /INPUT 1 "y";
    .port_info 2 /INPUT 1 "cin";
    .port_info 3 /OUTPUT 1 "s";
    .port_info 4 /OUTPUT 1 "cout";
L_000002154902c060 .functor OR 1, L_000002154902c990, L_000002154902bce0, C4<0>, C4<0>;
v000002154908c250_0 .net "cin", 0 0, L_000002154908f790;  1 drivers
v000002154908aa90_0 .net "cout", 0 0, L_000002154902c060;  1 drivers
v000002154908c110_0 .net "s", 0 0, L_000002154902cb50;  1 drivers
v000002154908ae50_0 .net "w1", 0 0, L_000002154902cae0;  1 drivers
v000002154908c430_0 .net "w2", 0 0, L_000002154902c990;  1 drivers
v000002154908bc10_0 .net "w3", 0 0, L_000002154902bce0;  1 drivers
v000002154908adb0_0 .net "x", 0 0, L_000002154908f510;  1 drivers
v000002154908c4d0_0 .net "y", 0 0, L_000002154908ef70;  1 drivers
S_000002154908a720 .scope module, "h1" "half_adder" 6 28, 7 23 0, S_000002154908a590;
 .timescale -9 -12;
    .port_info 0 /INPUT 1 "x";
    .port_info 1 /INPUT 1 "y";
    .port_info 2 /OUTPUT 1 "s";
    .port_info 3 /OUTPUT 1 "c";
L_000002154902cae0 .functor XOR 1, L_000002154908f510, L_000002154908ef70, C4<0>, C4<0>;
L_000002154902c990 .functor AND 1, L_000002154908f510, L_000002154908ef70, C4<1>, C4<1>;
v000002154902aa90_0 .net "c", 0 0, L_000002154902c990;  alias, 1 drivers
v000002154902a6d0_0 .net "s", 0 0, L_000002154902cae0;  alias, 1 drivers
v000002154902abd0_0 .net "x", 0 0, L_000002154908f510;  alias, 1 drivers
v000002154902adb0_0 .net "y", 0 0, L_000002154908ef70;  alias, 1 drivers
S_000002154908a8b0 .scope module, "h2" "half_adder" 6 33, 7 23 0, S_000002154908a590;
 .timescale -9 -12;
    .port_info 0 /INPUT 1 "x";
    .port_info 1 /INPUT 1 "y";
    .port_info 2 /OUTPUT 1 "s";
    .port_info 3 /OUTPUT 1 "c";
L_000002154902cb50 .functor XOR 1, L_000002154902cae0, L_000002154908f790, C4<0>, C4<0>;
L_000002154902bce0 .functor AND 1, L_000002154902cae0, L_000002154908f790, C4<1>, C4<1>;
v000002154908b7b0_0 .net "c", 0 0, L_000002154902bce0;  alias, 1 drivers
v000002154908c070_0 .net "s", 0 0, L_000002154902cb50;  alias, 1 drivers
v000002154908bfd0_0 .net "x", 0 0, L_000002154902cae0;  alias, 1 drivers
v000002154908b3f0_0 .net "y", 0 0, L_000002154908f790;  alias, 1 drivers
S_000002154908da60 .scope generate, "fa_loop[3]" "fa_loop[3]" 5 37, 5 37 0, S_0000021549015cd0;
 .timescale -9 -12;
P_0000021549030060 .param/l "i" 0 5 37, +C4<011>;
S_000002154908ea50 .scope module, "fa_inst" "full_adder" 5 39, 6 23 0, S_000002154908da60;
 .timescale -9 -12;
    .port_info 0 /INPUT 1 "x";
    .port_info 1 /INPUT 1 "y";
    .port_info 2 /INPUT 1 "cin";
    .port_info 3 /OUTPUT 1 "s";
    .port_info 4 /OUTPUT 1 "cout";
L_00000215490949b0 .functor OR 1, L_0000021549094cc0, L_0000021549094160, C4<0>, C4<0>;
v000002154908bad0_0 .net "cin", 0 0, L_000002154908f3d0;  1 drivers
v000002154908c610_0 .net "cout", 0 0, L_00000215490949b0;  1 drivers
v000002154908c6b0_0 .net "s", 0 0, L_00000215490944e0;  1 drivers
v000002154908c7f0_0 .net "w1", 0 0, L_00000215490945c0;  1 drivers
v000002154908bd50_0 .net "w2", 0 0, L_0000021549094cc0;  1 drivers
v000002154908c750_0 .net "w3", 0 0, L_0000021549094160;  1 drivers
v000002154908b5d0_0 .net "x", 0 0, L_0000021549090370;  1 drivers
v000002154908b710_0 .net "y", 0 0, L_0000021549090a50;  1 drivers
S_000002154908e5a0 .scope module, "h1" "half_adder" 6 28, 7 23 0, S_000002154908ea50;
 .timescale -9 -12;
    .port_info 0 /INPUT 1 "x";
    .port_info 1 /INPUT 1 "y";
    .port_info 2 /OUTPUT 1 "s";
    .port_info 3 /OUTPUT 1 "c";
L_00000215490945c0 .functor XOR 1, L_0000021549090370, L_0000021549090a50, C4<0>, C4<0>;
L_0000021549094cc0 .functor AND 1, L_0000021549090370, L_0000021549090a50, C4<1>, C4<1>;
v000002154908c2f0_0 .net "c", 0 0, L_0000021549094cc0;  alias, 1 drivers
v000002154908c390_0 .net "s", 0 0, L_00000215490945c0;  alias, 1 drivers
v000002154908b850_0 .net "x", 0 0, L_0000021549090370;  alias, 1 drivers
v000002154908c1b0_0 .net "y", 0 0, L_0000021549090a50;  alias, 1 drivers
S_000002154908e0f0 .scope module, "h2" "half_adder" 6 33, 7 23 0, S_000002154908ea50;
 .timescale -9 -12;
    .port_info 0 /INPUT 1 "x";
    .port_info 1 /INPUT 1 "y";
    .port_info 2 /OUTPUT 1 "s";
    .port_info 3 /OUTPUT 1 "c";
L_00000215490944e0 .functor XOR 1, L_00000215490945c0, L_000002154908f3d0, C4<0>, C4<0>;
L_0000021549094160 .functor AND 1, L_00000215490945c0, L_000002154908f3d0, C4<1>, C4<1>;
v000002154908c570_0 .net "c", 0 0, L_0000021549094160;  alias, 1 drivers
v000002154908ba30_0 .net "s", 0 0, L_00000215490944e0;  alias, 1 drivers
v000002154908bcb0_0 .net "x", 0 0, L_00000215490945c0;  alias, 1 drivers
v000002154908bf30_0 .net "y", 0 0, L_000002154908f3d0;  alias, 1 drivers
S_000002154908df60 .scope generate, "genblk1[0]" "genblk1[0]" 4 34, 4 34 0, S_0000021549015b40;
 .timescale -9 -12;
P_0000021549030c20 .param/l "k" 0 4 34, +C4<00>;
L_000002154902c0d0 .functor XOR 1, L_0000021549090690, v000002154908fbf0_0, C4<0>, C4<0>;
v000002154908b2b0_0 .net *"_ivl_0", 0 0, L_0000021549090690;  1 drivers
v000002154908b210_0 .net *"_ivl_1", 0 0, L_000002154902c0d0;  1 drivers
S_000002154908e280 .scope generate, "genblk1[1]" "genblk1[1]" 4 34, 4 34 0, S_0000021549015b40;
 .timescale -9 -12;
P_00000215490306a0 .param/l "k" 0 4 34, +C4<01>;
L_000002154902c6f0 .functor XOR 1, L_000002154908fdd0, v000002154908fbf0_0, C4<0>, C4<0>;
v000002154908abd0_0 .net *"_ivl_0", 0 0, L_000002154908fdd0;  1 drivers
v000002154908b8f0_0 .net *"_ivl_1", 0 0, L_000002154902c6f0;  1 drivers
S_000002154908dc40 .scope generate, "genblk1[2]" "genblk1[2]" 4 34, 4 34 0, S_0000021549015b40;
 .timescale -9 -12;
P_0000021549030160 .param/l "k" 0 4 34, +C4<010>;
L_000002154902c3e0 .functor XOR 1, L_000002154908ee30, v000002154908fbf0_0, C4<0>, C4<0>;
v000002154908ac70_0 .net *"_ivl_0", 0 0, L_000002154908ee30;  1 drivers
v000002154908b530_0 .net *"_ivl_1", 0 0, L_000002154902c3e0;  1 drivers
S_000002154908ddd0 .scope generate, "genblk1[3]" "genblk1[3]" 4 34, 4 34 0, S_0000021549015b40;
 .timescale -9 -12;
P_00000215490309a0 .param/l "k" 0 4 34, +C4<011>;
L_000002154902c530 .functor XOR 1, L_00000215490909b0, v000002154908fbf0_0, C4<0>, C4<0>;
v000002154908b990_0 .net *"_ivl_0", 0 0, L_00000215490909b0;  1 drivers
v000002154908ad10_0 .net *"_ivl_1", 0 0, L_000002154902c530;  1 drivers
    .scope S_0000021548fce320;
T_0 ;
    %delay 40000, 0;
    %vpi_call/w 3 42 "$finish" {0 0 0};
    %end;
    .thread T_0;
    .scope S_0000021548fce320;
T_1 ;
    %pushi/vec4 0, 0, 1;
    %store/vec4 v000002154908fbf0_0, 0, 1;
    %pushi/vec4 5, 0, 4;
    %store/vec4 v000002154908ed90_0, 0, 4;
    %pushi/vec4 6, 0, 4;
    %store/vec4 v000002154908ffb0_0, 0, 4;
    %delay 10000, 0;
    %pushi/vec4 1, 0, 1;
    %store/vec4 v000002154908fbf0_0, 0, 1;
    %delay 10000, 0;
    %pushi/vec4 6, 0, 4;
    %store/vec4 v000002154908ed90_0, 0, 4;
    %pushi/vec4 13, 0, 4;
    %store/vec4 v000002154908ffb0_0, 0, 4;
    %delay 10000, 0;
    %pushi/vec4 0, 0, 1;
    %store/vec4 v000002154908fbf0_0, 0, 1;
    %pushi/vec4 12, 0, 4;
    %store/vec4 v000002154908ed90_0, 0, 4;
    %pushi/vec4 11, 0, 4;
    %store/vec4 v000002154908ffb0_0, 0, 4;
    %delay 10000, 0;
    %end;
    .thread T_1;
    .scope S_0000021548fce320;
T_2 ;
    %vpi_call/w 3 68 "$monitor", "time %3d: x=&d \011 y=%d \011 add_n=%1b \011 result=%3d \011 cout=%1b \011 overflow= %1b", $time, v000002154908ed90_0, v000002154908ffb0_0, v000002154908fbf0_0, v0000021549090410_0, v000002154908fb50_0, v000002154908f330_0 {0 0 0};
    %end;
    .thread T_2;
# The file index is used to find the file name in the following table.
:file_names 8;
    "N/A";
    "<interactive>";
    "-";
    "E:\learnings\Verilog_Learning_Codes\Combinational circuits\tb\adder_substractor_tb.v";
    "E:\learnings\Verilog_Learning_Codes\Combinational circuits\rtl\adder_substractor_signedNo.v";
    "E:\learnings\Verilog_Learning_Codes\Combinational circuits\rtl\rca_nbit.v";
    "E:\learnings\Verilog_Learning_Codes\Combinational circuits\rtl\full_adder.v";
    "E:\learnings\Verilog_Learning_Codes\Combinational circuits\rtl\half_adder.v";
